<?xml version="1.0" encoding="UTF-8"?>
<!-- Generated by org.testng.reporters.JUnitReportReporter -->
<testsuite hostname="AnkushPC" failures="0" tests="1" name="com.hrms.testScript.TC001" time="29.513" errors="0" timestamp="23 Dec 2021 12:20:43 GMT">
  <testcase classname="com.hrms.testScript.TC001" name="tc001" time="29.513"/>
</testsuite> <!-- com.hrms.testScript.TC001 -->
