<?xml version="1.0" encoding="UTF-8"?>
<!-- Generated by org.testng.reporters.JUnitReportReporter -->
<testsuite hostname="AnkushPC" failures="0" tests="1"
	name="com.hrms.testScript.TC003" time="44.323" errors="0"
	timestamp="22 Dec 2021 09:30:06 GMT">
	<testcase classname="com.hrms.testScript.TC003" name="tc003"
		time="44.323" />
</testsuite> <!-- com.hrms.testScript.TC003 -->
